This file contains any messages produced by compilers while
running configure, to aid debugging if configure makes a mistake.

It was created by configure, which was
generated by GNU Autoconf 2.59.  Invocation command line was

  $ ./configure --enable-utf8

## --------- ##
## Platform. ##
## --------- ##

hostname = tsesevinl60
uname -m = x86_64
uname -r = 4.15.0-48-generic
uname -s = Linux
uname -v = #51-Ubuntu SMP Wed Apr 3 08:28:49 UTC 2019

/usr/bin/uname -p = unknown
/bin/uname -X     = unknown

/bin/arch              = unknown
/usr/bin/arch -k       = unknown
/usr/convex/getsysinfo = unknown
hostinfo               = unknown
/bin/machine           = unknown
/usr/bin/oslevel       = unknown
/bin/universe          = unknown

PATH: /home/rubio/bin
PATH: /home/rubio/.local/bin
PATH: /usr/lib/ccache
PATH: /usr/local/sbin
PATH: /usr/local/bin
PATH: /usr/sbin
PATH: /usr/bin
PATH: /sbin
PATH: /bin
PATH: /usr/games
PATH: /usr/local/games
PATH: /bin
PATH: /home/rubio/Projetos/git/uenux/libsevin/bin
PATH: /home/rubio/Projetos/git/uenux/libsevin/bin/libextern
PATH: /home/rubio/Projetos/git/uenux/libsevin/tools/bin
PATH: /home/rubio/Projetos/git/uenux/libsevin/tools/bin/libextern
PATH: /home/rubio/Projetos/libdesktop/trunk/bin
PATH: /home/rubio/Projetos/libdesktop/trunk/bin/libextern
PATH: /home/rubio/Projetos/libdesktop/trunk/tools/bin
PATH: /home/rubio/Projetos/libdesktop/trunk/tools/bin/libextern
PATH: /home/rubio/rakudo/install/bin
PATH: /home/rubio/rakudo/install/share/perl6/site/bin


## ----------- ##
## Core tests. ##
## ----------- ##

configure:1581: checking for gcc
configure:1597: found /usr/lib/ccache/gcc
configure:1607: result: gcc
configure:1851: checking for C compiler version
configure:1854: gcc --version </dev/null >&5
gcc (Ubuntu 7.4.0-1ubuntu1~18.04) 7.4.0
Copyright (C) 2017 Free Software Foundation, Inc.
This is free software; see the source for copying conditions.  There is NO
warranty; not even for MERCHANTABILITY or FITNESS FOR A PARTICULAR PURPOSE.

configure:1857: $? = 0
configure:1859: gcc -v </dev/null >&5
Using built-in specs.
COLLECT_GCC=/usr/bin/gcc
COLLECT_LTO_WRAPPER=/usr/lib/gcc/x86_64-linux-gnu/7/lto-wrapper
OFFLOAD_TARGET_NAMES=nvptx-none
OFFLOAD_TARGET_DEFAULT=1
Target: x86_64-linux-gnu
Configured with: ../src/configure -v --with-pkgversion='Ubuntu 7.4.0-1ubuntu1~18.04' --with-bugurl=file:///usr/share/doc/gcc-7/README.Bugs --enable-languages=c,ada,c++,go,brig,d,fortran,objc,obj-c++ --prefix=/usr --with-gcc-major-version-only --program-suffix=-7 --program-prefix=x86_64-linux-gnu- --enable-shared --enable-linker-build-id --libexecdir=/usr/lib --without-included-gettext --enable-threads=posix --libdir=/usr/lib --enable-nls --with-sysroot=/ --enable-clocale=gnu --enable-libstdcxx-debug --enable-libstdcxx-time=yes --with-default-libstdcxx-abi=new --enable-gnu-unique-object --disable-vtable-verify --enable-libmpx --enable-plugin --enable-default-pie --with-system-zlib --with-target-system-zlib --enable-objc-gc=auto --enable-multiarch --disable-werror --with-arch-32=i686 --with-abi=m64 --with-multilib-list=m32,m64,mx32 --enable-multilib --with-tune=generic --enable-offload-targets=nvptx-none --without-cuda-driver --enable-checking=release --build=x86_64-linux-gnu --host=x86_64-linux-gnu --target=x86_64-linux-gnu
Thread model: posix
gcc version 7.4.0 (Ubuntu 7.4.0-1ubuntu1~18.04) 
configure:1862: $? = 0
configure:1864: gcc -V </dev/null >&5
gcc: error: unrecognized command line option '-V'
gcc: fatal error: no input files
compilation terminated.
configure:1867: $? = 1
configure:1890: checking for C compiler default output file name
configure:1893: gcc    conftest.c  >&5
configure:1896: $? = 0
configure:1942: result: a.out
configure:1947: checking whether the C compiler works
configure:1953: ./a.out
configure:1956: $? = 0
configure:1973: result: yes
configure:1980: checking whether we are cross compiling
configure:1982: result: no
configure:1985: checking for suffix of executables
configure:1987: gcc -o conftest    conftest.c  >&5
configure:1990: $? = 0
configure:2015: result: 
configure:2021: checking for suffix of object files
configure:2042: gcc -c   conftest.c >&5
configure:2045: $? = 0
configure:2067: result: o
configure:2071: checking whether we are using the GNU C compiler
configure:2095: gcc -c   conftest.c >&5
configure:2101: $? = 0
configure:2105: test -z 
			 || test ! -s conftest.err
configure:2108: $? = 0
configure:2111: test -s conftest.o
configure:2114: $? = 0
configure:2127: result: yes
configure:2133: checking whether gcc accepts -g
configure:2154: gcc -c -g  conftest.c >&5
configure:2160: $? = 0
configure:2164: test -z 
			 || test ! -s conftest.err
configure:2167: $? = 0
configure:2170: test -s conftest.o
configure:2173: $? = 0
configure:2184: result: yes
configure:2201: checking for gcc option to accept ANSI C
configure:2271: gcc  -c -g -O2  conftest.c >&5
configure:2277: $? = 0
configure:2281: test -z 
			 || test ! -s conftest.err
configure:2284: $? = 0
configure:2287: test -s conftest.o
configure:2290: $? = 0
configure:2308: result: none needed
configure:2326: gcc -c -g -O2  conftest.c >&5
conftest.c:2:3: error: unknown type name 'choke'
   choke me
   ^~~~~
conftest.c:2:3: error: expected '=', ',', ';', 'asm' or '__attribute__' at end of input
configure:2332: $? = 1
configure: failed program was:
| #ifndef __cplusplus
|   choke me
| #endif
configure:2519: checking for g++
configure:2535: found /usr/lib/ccache/g++
configure:2545: result: g++
configure:2561: checking for C++ compiler version
configure:2564: g++ --version </dev/null >&5
g++ (Ubuntu 7.4.0-1ubuntu1~18.04) 7.4.0
Copyright (C) 2017 Free Software Foundation, Inc.
This is free software; see the source for copying conditions.  There is NO
warranty; not even for MERCHANTABILITY or FITNESS FOR A PARTICULAR PURPOSE.

configure:2567: $? = 0
configure:2569: g++ -v </dev/null >&5
Using built-in specs.
COLLECT_GCC=/usr/bin/g++
COLLECT_LTO_WRAPPER=/usr/lib/gcc/x86_64-linux-gnu/7/lto-wrapper
OFFLOAD_TARGET_NAMES=nvptx-none
OFFLOAD_TARGET_DEFAULT=1
Target: x86_64-linux-gnu
Configured with: ../src/configure -v --with-pkgversion='Ubuntu 7.4.0-1ubuntu1~18.04' --with-bugurl=file:///usr/share/doc/gcc-7/README.Bugs --enable-languages=c,ada,c++,go,brig,d,fortran,objc,obj-c++ --prefix=/usr --with-gcc-major-version-only --program-suffix=-7 --program-prefix=x86_64-linux-gnu- --enable-shared --enable-linker-build-id --libexecdir=/usr/lib --without-included-gettext --enable-threads=posix --libdir=/usr/lib --enable-nls --with-sysroot=/ --enable-clocale=gnu --enable-libstdcxx-debug --enable-libstdcxx-time=yes --with-default-libstdcxx-abi=new --enable-gnu-unique-object --disable-vtable-verify --enable-libmpx --enable-plugin --enable-default-pie --with-system-zlib --with-target-system-zlib --enable-objc-gc=auto --enable-multiarch --disable-werror --with-arch-32=i686 --with-abi=m64 --with-multilib-list=m32,m64,mx32 --enable-multilib --with-tune=generic --enable-offload-targets=nvptx-none --without-cuda-driver --enable-checking=release --build=x86_64-linux-gnu --host=x86_64-linux-gnu --target=x86_64-linux-gnu
Thread model: posix
gcc version 7.4.0 (Ubuntu 7.4.0-1ubuntu1~18.04) 
configure:2572: $? = 0
configure:2574: g++ -V </dev/null >&5
g++: error: unrecognized command line option '-V'
g++: fatal error: no input files
compilation terminated.
configure:2577: $? = 1
configure:2580: checking whether we are using the GNU C++ compiler
configure:2604: g++ -c   conftest.cc >&5
configure:2610: $? = 0
configure:2614: test -z 
			 || test ! -s conftest.err
configure:2617: $? = 0
configure:2620: test -s conftest.o
configure:2623: $? = 0
configure:2636: result: yes
configure:2642: checking whether g++ accepts -g
configure:2663: g++ -c -g  conftest.cc >&5
configure:2669: $? = 0
configure:2673: test -z 
			 || test ! -s conftest.err
configure:2676: $? = 0
configure:2679: test -s conftest.o
configure:2682: $? = 0
configure:2693: result: yes
configure:2735: g++ -c -g -O2  conftest.cc >&5
configure:2741: $? = 0
configure:2745: test -z 
			 || test ! -s conftest.err
configure:2748: $? = 0
configure:2751: test -s conftest.o
configure:2754: $? = 0
configure:2780: g++ -c -g -O2  conftest.cc >&5
conftest.cc: In function 'int main()':
conftest.cc:13:1: error: 'exit' was not declared in this scope
 exit (42);
 ^~~~
configure:2786: $? = 1
configure: failed program was:
| /* confdefs.h.  */
| 
| #define PACKAGE_NAME ""
| #define PACKAGE_TARNAME ""
| #define PACKAGE_VERSION ""
| #define PACKAGE_STRING ""
| #define PACKAGE_BUGREPORT ""
| /* end confdefs.h.  */
| 
| int
| main ()
| {
| exit (42);
|   ;
|   return 0;
| }
configure:2735: g++ -c -g -O2  conftest.cc >&5
configure:2741: $? = 0
configure:2745: test -z 
			 || test ! -s conftest.err
configure:2748: $? = 0
configure:2751: test -s conftest.o
configure:2754: $? = 0
configure:2780: g++ -c -g -O2  conftest.cc >&5
configure:2786: $? = 0
configure:2790: test -z 
			 || test ! -s conftest.err
configure:2793: $? = 0
configure:2796: test -s conftest.o
configure:2799: $? = 0
configure:2862: checking for a BSD-compatible install
configure:2917: result: /usr/bin/install -c
configure:3008: checking build system type
configure:3026: result: x86_64-unknown-linux-gnu
configure:3034: checking host system type
configure:3048: result: x86_64-unknown-linux-gnu
configure:3056: checking for a sed that does not truncate output
configure:3110: result: /bin/sed
configure:3113: checking for egrep
configure:3123: result: grep -E
configure:3139: checking for ld used by gcc
configure:3206: result: /usr/bin/ld
configure:3215: checking if the linker (/usr/bin/ld) is GNU ld
configure:3230: result: yes
configure:3235: checking for /usr/bin/ld option to reload object files
configure:3242: result: -r
configure:3260: checking for BSD-compatible nm
configure:3309: result: /usr/bin/nm -B
configure:3313: checking whether ln -s works
configure:3317: result: yes
configure:3324: checking how to recognise dependent libraries
configure:3500: result: pass_all
configure:3588: gcc -c -g -O2  conftest.c >&5
configure:3591: $? = 0
configure:3979: checking how to run the C preprocessor
configure:4014: gcc -E  conftest.c
configure:4020: $? = 0
configure:4052: gcc -E  conftest.c
conftest.c:12:10: fatal error: ac_nonexistent.h: No such file or directory
 #include <ac_nonexistent.h>
          ^~~~~~~~~~~~~~~~~~
compilation terminated.
configure:4058: $? = 1
configure: failed program was:
| /* confdefs.h.  */
| 
| #define PACKAGE_NAME ""
| #define PACKAGE_TARNAME ""
| #define PACKAGE_VERSION ""
| #define PACKAGE_STRING ""
| #define PACKAGE_BUGREPORT ""
| #ifdef __cplusplus
| extern "C" void std::exit (int) throw (); using std::exit;
| #endif
| /* end confdefs.h.  */
| #include <ac_nonexistent.h>
configure:4097: result: gcc -E
configure:4121: gcc -E  conftest.c
configure:4127: $? = 0
configure:4159: gcc -E  conftest.c
conftest.c:12:10: fatal error: ac_nonexistent.h: No such file or directory
 #include <ac_nonexistent.h>
          ^~~~~~~~~~~~~~~~~~
compilation terminated.
configure:4165: $? = 1
configure: failed program was:
| /* confdefs.h.  */
| 
| #define PACKAGE_NAME ""
| #define PACKAGE_TARNAME ""
| #define PACKAGE_VERSION ""
| #define PACKAGE_STRING ""
| #define PACKAGE_BUGREPORT ""
| #ifdef __cplusplus
| extern "C" void std::exit (int) throw (); using std::exit;
| #endif
| /* end confdefs.h.  */
| #include <ac_nonexistent.h>
configure:4209: checking for ANSI C header files
configure:4234: gcc -c -g -O2  conftest.c >&5
configure:4240: $? = 0
configure:4244: test -z 
			 || test ! -s conftest.err
configure:4247: $? = 0
configure:4250: test -s conftest.o
configure:4253: $? = 0
configure:4342: gcc -o conftest -g -O2   conftest.c  >&5
conftest.c: In function 'main':
conftest.c:29:7: warning: implicit declaration of function 'exit' [-Wimplicit-function-declaration]
       exit(2);
       ^~~~
conftest.c:29:7: warning: incompatible implicit declaration of built-in function 'exit'
conftest.c:29:7: note: include '<stdlib.h>' or provide a declaration of 'exit'
conftest.c:30:3: warning: incompatible implicit declaration of built-in function 'exit'
   exit (0);
   ^~~~
conftest.c:30:3: note: include '<stdlib.h>' or provide a declaration of 'exit'
configure:4345: $? = 0
configure:4347: ./conftest
configure:4350: $? = 0
configure:4365: result: yes
configure:4389: checking for sys/types.h
configure:4405: gcc -c -g -O2  conftest.c >&5
configure:4411: $? = 0
configure:4415: test -z 
			 || test ! -s conftest.err
configure:4418: $? = 0
configure:4421: test -s conftest.o
configure:4424: $? = 0
configure:4435: result: yes
configure:4389: checking for sys/stat.h
configure:4405: gcc -c -g -O2  conftest.c >&5
configure:4411: $? = 0
configure:4415: test -z 
			 || test ! -s conftest.err
configure:4418: $? = 0
configure:4421: test -s conftest.o
configure:4424: $? = 0
configure:4435: result: yes
configure:4389: checking for stdlib.h
configure:4405: gcc -c -g -O2  conftest.c >&5
configure:4411: $? = 0
configure:4415: test -z 
			 || test ! -s conftest.err
configure:4418: $? = 0
configure:4421: test -s conftest.o
configure:4424: $? = 0
configure:4435: result: yes
configure:4389: checking for string.h
configure:4405: gcc -c -g -O2  conftest.c >&5
configure:4411: $? = 0
configure:4415: test -z 
			 || test ! -s conftest.err
configure:4418: $? = 0
configure:4421: test -s conftest.o
configure:4424: $? = 0
configure:4435: result: yes
configure:4389: checking for memory.h
configure:4405: gcc -c -g -O2  conftest.c >&5
configure:4411: $? = 0
configure:4415: test -z 
			 || test ! -s conftest.err
configure:4418: $? = 0
configure:4421: test -s conftest.o
configure:4424: $? = 0
configure:4435: result: yes
configure:4389: checking for strings.h
configure:4405: gcc -c -g -O2  conftest.c >&5
configure:4411: $? = 0
configure:4415: test -z 
			 || test ! -s conftest.err
configure:4418: $? = 0
configure:4421: test -s conftest.o
configure:4424: $? = 0
configure:4435: result: yes
configure:4389: checking for inttypes.h
configure:4405: gcc -c -g -O2  conftest.c >&5
configure:4411: $? = 0
configure:4415: test -z 
			 || test ! -s conftest.err
configure:4418: $? = 0
configure:4421: test -s conftest.o
configure:4424: $? = 0
configure:4435: result: yes
configure:4389: checking for stdint.h
configure:4405: gcc -c -g -O2  conftest.c >&5
configure:4411: $? = 0
configure:4415: test -z 
			 || test ! -s conftest.err
configure:4418: $? = 0
configure:4421: test -s conftest.o
configure:4424: $? = 0
configure:4435: result: yes
configure:4389: checking for unistd.h
configure:4405: gcc -c -g -O2  conftest.c >&5
configure:4411: $? = 0
configure:4415: test -z 
			 || test ! -s conftest.err
configure:4418: $? = 0
configure:4421: test -s conftest.o
configure:4424: $? = 0
configure:4435: result: yes
configure:4461: checking dlfcn.h usability
configure:4473: gcc -c -g -O2  conftest.c >&5
configure:4479: $? = 0
configure:4483: test -z 
			 || test ! -s conftest.err
configure:4486: $? = 0
configure:4489: test -s conftest.o
configure:4492: $? = 0
configure:4502: result: yes
configure:4506: checking dlfcn.h presence
configure:4516: gcc -E  conftest.c
configure:4522: $? = 0
configure:4542: result: yes
configure:4577: checking for dlfcn.h
configure:4584: result: yes
configure:4607: checking how to run the C++ preprocessor
configure:4638: g++ -E  conftest.cc
configure:4644: $? = 0
configure:4676: g++ -E  conftest.cc
conftest.cc:23:10: fatal error: ac_nonexistent.h: No such file or directory
 #include <ac_nonexistent.h>
          ^~~~~~~~~~~~~~~~~~
compilation terminated.
configure:4682: $? = 1
configure: failed program was:
| /* confdefs.h.  */
| 
| #define PACKAGE_NAME ""
| #define PACKAGE_TARNAME ""
| #define PACKAGE_VERSION ""
| #define PACKAGE_STRING ""
| #define PACKAGE_BUGREPORT ""
| #ifdef __cplusplus
| extern "C" void std::exit (int) throw (); using std::exit;
| #endif
| #define STDC_HEADERS 1
| #define HAVE_SYS_TYPES_H 1
| #define HAVE_SYS_STAT_H 1
| #define HAVE_STDLIB_H 1
| #define HAVE_STRING_H 1
| #define HAVE_MEMORY_H 1
| #define HAVE_STRINGS_H 1
| #define HAVE_INTTYPES_H 1
| #define HAVE_STDINT_H 1
| #define HAVE_UNISTD_H 1
| #define HAVE_DLFCN_H 1
| /* end confdefs.h.  */
| #include <ac_nonexistent.h>
configure:4721: result: g++ -E
configure:4745: g++ -E  conftest.cc
configure:4751: $? = 0
configure:4783: g++ -E  conftest.cc
conftest.cc:23:10: fatal error: ac_nonexistent.h: No such file or directory
 #include <ac_nonexistent.h>
          ^~~~~~~~~~~~~~~~~~
compilation terminated.
configure:4789: $? = 1
configure: failed program was:
| /* confdefs.h.  */
| 
| #define PACKAGE_NAME ""
| #define PACKAGE_TARNAME ""
| #define PACKAGE_VERSION ""
| #define PACKAGE_STRING ""
| #define PACKAGE_BUGREPORT ""
| #ifdef __cplusplus
| extern "C" void std::exit (int) throw (); using std::exit;
| #endif
| #define STDC_HEADERS 1
| #define HAVE_SYS_TYPES_H 1
| #define HAVE_SYS_STAT_H 1
| #define HAVE_STDLIB_H 1
| #define HAVE_STRING_H 1
| #define HAVE_MEMORY_H 1
| #define HAVE_STRINGS_H 1
| #define HAVE_INTTYPES_H 1
| #define HAVE_STDINT_H 1
| #define HAVE_UNISTD_H 1
| #define HAVE_DLFCN_H 1
| /* end confdefs.h.  */
| #include <ac_nonexistent.h>
configure:4886: checking for g77
configure:4915: result: no
configure:4886: checking for f77
configure:4915: result: no
configure:4886: checking for xlf
configure:4915: result: no
configure:4886: checking for frt
configure:4915: result: no
configure:4886: checking for pgf77
configure:4915: result: no
configure:4886: checking for fort77
configure:4915: result: no
configure:4886: checking for fl32
configure:4915: result: no
configure:4886: checking for af77
configure:4915: result: no
configure:4886: checking for f90
configure:4915: result: no
configure:4886: checking for xlf90
configure:4915: result: no
configure:4886: checking for pgf90
configure:4915: result: no
configure:4886: checking for epcf90
configure:4915: result: no
configure:4886: checking for f95
configure:4915: result: no
configure:4886: checking for fort
configure:4915: result: no
configure:4886: checking for xlf95
configure:4915: result: no
configure:4886: checking for ifc
configure:4915: result: no
configure:4886: checking for efc
configure:4915: result: no
configure:4886: checking for pgf95
configure:4915: result: no
configure:4886: checking for lf95
configure:4915: result: no
configure:4886: checking for gfortran
configure:4915: result: no
configure:4927: checking for Fortran 77 compiler version
configure:4930:  --version </dev/null >&5
./configure: line 4931: --version: command not found
configure:4933: $? = 127
configure:4935:  -v </dev/null >&5
./configure: line 4936: -v: command not found
configure:4938: $? = 127
configure:4940:  -V </dev/null >&5
./configure: line 4941: -V: command not found
configure:4943: $? = 127
configure:4951: checking whether we are using the GNU Fortran 77 compiler
configure:4965:  -c  conftest.F >&5
./configure: line 4966: -c: command not found
configure:4971: $? = 127
configure: failed program was:
|       program main
| #ifndef __GNUC__
|        choke me
| #endif
| 
|       end
configure:4997: result: no
configure:5003: checking whether  accepts -g
configure:5015:  -c -g conftest.f >&5
./configure: line 5016: -c: command not found
configure:5021: $? = 127
configure: failed program was:
|       program main
| 
|       end
configure:5046: result: no
configure:5076: checking the maximum length of command line arguments
configure:5185: result: 32768
configure:5196: checking command to parse /usr/bin/nm -B output from gcc object
configure:5301: gcc -c -g -O2  conftest.c >&5
configure:5304: $? = 0
configure:5308: /usr/bin/nm -B conftest.o \| sed -n -e 's/^.*[ 	]\([ABCDGIRSTW][ABCDGIRSTW]*\)[ 	][ 	]*\([_A-Za-z][_A-Za-z0-9]*\)$/\1 \2 \2/p' \> conftest.nm
configure:5311: $? = 0
configure:5363: gcc -o conftest -g -O2   conftest.c conftstm.o >&5
configure:5366: $? = 0
configure:5404: result: ok
configure:5408: checking for objdir
configure:5423: result: .libs
configure:5513: checking for ar
configure:5529: found /usr/bin/ar
configure:5540: result: ar
configure:5593: checking for ranlib
configure:5609: found /usr/bin/ranlib
configure:5620: result: ranlib
configure:5673: checking for strip
configure:5689: found /usr/bin/strip
configure:5700: result: strip
configure:5923: checking for correct ltmain.sh version
configure:5973: result: yes
configure:6033: checking if gcc supports -fno-rtti -fno-exceptions
configure:6051: gcc -c -g -O2  -fno-rtti -fno-exceptions conftest.c >&5
cc1: warning: command line option '-fno-rtti' is valid for C++/ObjC++ but not for C
configure:6055: $? = 0
configure:6068: result: no
configure:6083: checking for gcc option to produce PIC
configure:6293: result: -fPIC
configure:6301: checking if gcc PIC flag -fPIC works
configure:6319: gcc -c -g -O2  -fPIC -DPIC conftest.c >&5
configure:6323: $? = 0
configure:6336: result: yes
configure:6364: checking if gcc static flag -static works
configure:6392: result: yes
configure:6402: checking if gcc supports -c -o file.o
configure:6423: gcc -c -g -O2  -o out/conftest2.o conftest.c >&5
configure:6427: $? = 0
configure:6449: result: yes
configure:6475: checking whether the gcc linker (/usr/bin/ld -m elf_x86_64) supports shared libraries
configure:7433: result: yes
configure:7454: checking whether -lc should be explicitly linked in
configure:7459: gcc -c -g -O2  conftest.c >&5
configure:7462: $? = 0
configure:7477: gcc -shared conftest.o  -v -Wl,-soname -Wl,conftest -o conftest 2\>\&1 \| grep  -lc  \>/dev/null 2\>\&1
configure:7480: $? = 0
configure:7492: result: no
configure:7500: checking dynamic linker characteristics
configure:8125: result: GNU/Linux ld.so
configure:8134: checking how to hardcode library paths into programs
configure:8159: result: immediate
configure:8173: checking whether stripping libraries is possible
configure:8178: result: yes
configure:9012: checking if libtool supports shared libraries
configure:9014: result: yes
configure:9017: checking whether to build shared libraries
configure:9038: result: yes
configure:9041: checking whether to build static libraries
configure:9045: result: yes
configure:9137: creating libtool
configure:9725: checking for ld used by g++
configure:9792: result: /usr/bin/ld -m elf_x86_64
configure:9801: checking if the linker (/usr/bin/ld -m elf_x86_64) is GNU ld
configure:9816: result: yes
configure:9867: checking whether the g++ linker (/usr/bin/ld -m elf_x86_64) supports shared libraries
configure:10805: result: yes
configure:10823: g++ -c -g -O2  conftest.cpp >&5
configure:10826: $? = 0
configure:10945: checking for g++ option to produce PIC
configure:11219: result: -fPIC
configure:11227: checking if g++ PIC flag -fPIC works
configure:11245: g++ -c -g -O2  -fPIC -DPIC conftest.cpp >&5
configure:11249: $? = 0
configure:11262: result: yes
configure:11290: checking if g++ static flag -static works
configure:11318: result: yes
configure:11328: checking if g++ supports -c -o file.o
configure:11349: g++ -c -g -O2  -o out/conftest2.o conftest.cpp >&5
configure:11353: $? = 0
configure:11375: result: yes
configure:11401: checking whether the g++ linker (/usr/bin/ld -m elf_x86_64) supports shared libraries
configure:11426: result: yes
configure:11493: checking dynamic linker characteristics
configure:12118: result: GNU/Linux ld.so
configure:12127: checking how to hardcode library paths into programs
configure:12152: result: immediate
configure:18387: checking for ANSI C header files
configure:18543: result: yes
configure:18567: checking limits.h usability
configure:18579: gcc -c -g -O2  conftest.c >&5
configure:18585: $? = 0
configure:18589: test -z 
			 || test ! -s conftest.err
configure:18592: $? = 0
configure:18595: test -s conftest.o
configure:18598: $? = 0
configure:18608: result: yes
configure:18612: checking limits.h presence
configure:18622: gcc -E  conftest.c
configure:18628: $? = 0
configure:18648: result: yes
configure:18683: checking for limits.h
configure:18690: result: yes
configure:18731: checking string usability
configure:18743: g++ -c -g -O2  conftest.cc >&5
configure:18749: $? = 0
configure:18753: test -z 
			 || test ! -s conftest.err
configure:18756: $? = 0
configure:18759: test -s conftest.o
configure:18762: $? = 0
configure:18772: result: yes
configure:18776: checking string presence
configure:18786: g++ -E  conftest.cc
configure:18792: $? = 0
configure:18812: result: yes
configure:18847: checking for string
configure:18854: result: yes
configure:18883: checking bits/type_traits.h usability
configure:18895: g++ -c -g -O2  conftest.cc >&5
conftest.cc:60:10: fatal error: bits/type_traits.h: No such file or directory
 #include <bits/type_traits.h>
          ^~~~~~~~~~~~~~~~~~~~
compilation terminated.
configure:18901: $? = 1
configure: failed program was:
| /* confdefs.h.  */
| 
| #define PACKAGE_NAME ""
| #define PACKAGE_TARNAME ""
| #define PACKAGE_VERSION ""
| #define PACKAGE_STRING ""
| #define PACKAGE_BUGREPORT ""
| #ifdef __cplusplus
| extern "C" void std::exit (int) throw (); using std::exit;
| #endif
| #define STDC_HEADERS 1
| #define HAVE_SYS_TYPES_H 1
| #define HAVE_SYS_STAT_H 1
| #define HAVE_STDLIB_H 1
| #define HAVE_STRING_H 1
| #define HAVE_MEMORY_H 1
| #define HAVE_STRINGS_H 1
| #define HAVE_INTTYPES_H 1
| #define HAVE_STDINT_H 1
| #define HAVE_UNISTD_H 1
| #define HAVE_DLFCN_H 1
| #define STDC_HEADERS 1
| #define HAVE_LIMITS_H 1
| #define HAVE_STRING 1
| /* end confdefs.h.  */
| #include <stdio.h>
| #if HAVE_SYS_TYPES_H
| # include <sys/types.h>
| #endif
| #if HAVE_SYS_STAT_H
| # include <sys/stat.h>
| #endif
| #if STDC_HEADERS
| # include <stdlib.h>
| # include <stddef.h>
| #else
| # if HAVE_STDLIB_H
| #  include <stdlib.h>
| # endif
| #endif
| #if HAVE_STRING_H
| # if !STDC_HEADERS && HAVE_MEMORY_H
| #  include <memory.h>
| # endif
| # include <string.h>
| #endif
| #if HAVE_STRINGS_H
| # include <strings.h>
| #endif
| #if HAVE_INTTYPES_H
| # include <inttypes.h>
| #else
| # if HAVE_STDINT_H
| #  include <stdint.h>
| # endif
| #endif
| #if HAVE_UNISTD_H
| # include <unistd.h>
| #endif
| #include <bits/type_traits.h>
configure:18924: result: no
configure:18928: checking bits/type_traits.h presence
configure:18938: g++ -E  conftest.cc
conftest.cc:26:10: fatal error: bits/type_traits.h: No such file or directory
 #include <bits/type_traits.h>
          ^~~~~~~~~~~~~~~~~~~~
compilation terminated.
configure:18944: $? = 1
configure: failed program was:
| /* confdefs.h.  */
| 
| #define PACKAGE_NAME ""
| #define PACKAGE_TARNAME ""
| #define PACKAGE_VERSION ""
| #define PACKAGE_STRING ""
| #define PACKAGE_BUGREPORT ""
| #ifdef __cplusplus
| extern "C" void std::exit (int) throw (); using std::exit;
| #endif
| #define STDC_HEADERS 1
| #define HAVE_SYS_TYPES_H 1
| #define HAVE_SYS_STAT_H 1
| #define HAVE_STDLIB_H 1
| #define HAVE_STRING_H 1
| #define HAVE_MEMORY_H 1
| #define HAVE_STRINGS_H 1
| #define HAVE_INTTYPES_H 1
| #define HAVE_STDINT_H 1
| #define HAVE_UNISTD_H 1
| #define HAVE_DLFCN_H 1
| #define STDC_HEADERS 1
| #define HAVE_LIMITS_H 1
| #define HAVE_STRING 1
| /* end confdefs.h.  */
| #include <bits/type_traits.h>
configure:18964: result: no
configure:18999: checking for bits/type_traits.h
configure:19006: result: no
configure:19035: checking type_traits.h usability
configure:19047: g++ -c -g -O2  conftest.cc >&5
conftest.cc:60:10: fatal error: type_traits.h: No such file or directory
 #include <type_traits.h>
          ^~~~~~~~~~~~~~~
compilation terminated.
configure:19053: $? = 1
configure: failed program was:
| /* confdefs.h.  */
| 
| #define PACKAGE_NAME ""
| #define PACKAGE_TARNAME ""
| #define PACKAGE_VERSION ""
| #define PACKAGE_STRING ""
| #define PACKAGE_BUGREPORT ""
| #ifdef __cplusplus
| extern "C" void std::exit (int) throw (); using std::exit;
| #endif
| #define STDC_HEADERS 1
| #define HAVE_SYS_TYPES_H 1
| #define HAVE_SYS_STAT_H 1
| #define HAVE_STDLIB_H 1
| #define HAVE_STRING_H 1
| #define HAVE_MEMORY_H 1
| #define HAVE_STRINGS_H 1
| #define HAVE_INTTYPES_H 1
| #define HAVE_STDINT_H 1
| #define HAVE_UNISTD_H 1
| #define HAVE_DLFCN_H 1
| #define STDC_HEADERS 1
| #define HAVE_LIMITS_H 1
| #define HAVE_STRING 1
| /* end confdefs.h.  */
| #include <stdio.h>
| #if HAVE_SYS_TYPES_H
| # include <sys/types.h>
| #endif
| #if HAVE_SYS_STAT_H
| # include <sys/stat.h>
| #endif
| #if STDC_HEADERS
| # include <stdlib.h>
| # include <stddef.h>
| #else
| # if HAVE_STDLIB_H
| #  include <stdlib.h>
| # endif
| #endif
| #if HAVE_STRING_H
| # if !STDC_HEADERS && HAVE_MEMORY_H
| #  include <memory.h>
| # endif
| # include <string.h>
| #endif
| #if HAVE_STRINGS_H
| # include <strings.h>
| #endif
| #if HAVE_INTTYPES_H
| # include <inttypes.h>
| #else
| # if HAVE_STDINT_H
| #  include <stdint.h>
| # endif
| #endif
| #if HAVE_UNISTD_H
| # include <unistd.h>
| #endif
| #include <type_traits.h>
configure:19076: result: no
configure:19080: checking type_traits.h presence
configure:19090: g++ -E  conftest.cc
conftest.cc:26:10: fatal error: type_traits.h: No such file or directory
 #include <type_traits.h>
          ^~~~~~~~~~~~~~~
compilation terminated.
configure:19096: $? = 1
configure: failed program was:
| /* confdefs.h.  */
| 
| #define PACKAGE_NAME ""
| #define PACKAGE_TARNAME ""
| #define PACKAGE_VERSION ""
| #define PACKAGE_STRING ""
| #define PACKAGE_BUGREPORT ""
| #ifdef __cplusplus
| extern "C" void std::exit (int) throw (); using std::exit;
| #endif
| #define STDC_HEADERS 1
| #define HAVE_SYS_TYPES_H 1
| #define HAVE_SYS_STAT_H 1
| #define HAVE_STDLIB_H 1
| #define HAVE_STRING_H 1
| #define HAVE_MEMORY_H 1
| #define HAVE_STRINGS_H 1
| #define HAVE_INTTYPES_H 1
| #define HAVE_STDINT_H 1
| #define HAVE_UNISTD_H 1
| #define HAVE_DLFCN_H 1
| #define STDC_HEADERS 1
| #define HAVE_LIMITS_H 1
| #define HAVE_STRING 1
| /* end confdefs.h.  */
| #include <type_traits.h>
configure:19116: result: no
configure:19151: checking for type_traits.h
configure:19158: result: no
configure:19194: checking for an ANSI C-conforming const
configure:19261: gcc -c -g -O2  conftest.c >&5
configure:19267: $? = 0
configure:19271: test -z 
			 || test ! -s conftest.err
configure:19274: $? = 0
configure:19277: test -s conftest.o
configure:19280: $? = 0
configure:19291: result: yes
configure:19301: checking for size_t
configure:19325: gcc -c -g -O2  conftest.c >&5
configure:19331: $? = 0
configure:19335: test -z 
			 || test ! -s conftest.err
configure:19338: $? = 0
configure:19341: test -s conftest.o
configure:19344: $? = 0
configure:19355: result: yes
configure:19368: checking for long long
configure:19392: gcc -c -g -O2  conftest.c >&5
configure:19398: $? = 0
configure:19402: test -z 
			 || test ! -s conftest.err
configure:19405: $? = 0
configure:19408: test -s conftest.o
configure:19411: $? = 0
configure:19422: result: yes
configure:19435: checking for unsigned long long
configure:19459: gcc -c -g -O2  conftest.c >&5
configure:19465: $? = 0
configure:19469: test -z 
			 || test ! -s conftest.err
configure:19472: $? = 0
configure:19475: test -s conftest.o
configure:19478: $? = 0
configure:19489: result: yes
configure:19514: checking for bcopy
configure:19571: gcc -o conftest -g -O2   conftest.c  >&5
conftest.c:52:6: warning: conflicting types for built-in function 'bcopy' [-Wbuiltin-declaration-mismatch]
 char bcopy ();
      ^~~~~
configure:19577: $? = 0
configure:19581: test -z 
			 || test ! -s conftest.err
configure:19584: $? = 0
configure:19587: test -s conftest
configure:19590: $? = 0
configure:19602: result: yes
configure:19514: checking for memmove
configure:19571: gcc -o conftest -g -O2   conftest.c  >&5
conftest.c:53:6: warning: conflicting types for built-in function 'memmove' [-Wbuiltin-declaration-mismatch]
 char memmove ();
      ^~~~~~~
configure:19577: $? = 0
configure:19581: test -z 
			 || test ! -s conftest.err
configure:19584: $? = 0
configure:19587: test -s conftest
configure:19590: $? = 0
configure:19602: result: yes
configure:19514: checking for strerror
configure:19571: gcc -o conftest -g -O2   conftest.c  >&5
configure:19577: $? = 0
configure:19581: test -z 
			 || test ! -s conftest.err
configure:19584: $? = 0
configure:19587: test -s conftest
configure:19590: $? = 0
configure:19602: result: yes
configure:19514: checking for strtoq
configure:19571: gcc -o conftest -g -O2   conftest.c  >&5
configure:19577: $? = 0
configure:19581: test -z 
			 || test ! -s conftest.err
configure:19584: $? = 0
configure:19587: test -s conftest
configure:19590: $? = 0
configure:19602: result: yes
configure:19514: checking for strtoll
configure:19571: gcc -o conftest -g -O2   conftest.c  >&5
configure:19577: $? = 0
configure:19581: test -z 
			 || test ! -s conftest.err
configure:19584: $? = 0
configure:19587: test -s conftest
configure:19590: $? = 0
configure:19602: result: yes
configure:19880: creating ./config.status

## ---------------------- ##
## Running config.status. ##
## ---------------------- ##

This file was extended by config.status, which was
generated by GNU Autoconf 2.59.  Invocation command line was

  CONFIG_FILES    = 
  CONFIG_HEADERS  = 
  CONFIG_LINKS    = 
  CONFIG_COMMANDS = 
  $ ./config.status 

on tsesevinl60

config.status:725: creating Makefile
config.status:725: creating pcre-config
config.status:725: creating libpcre.pc
config.status:725: creating pcrecpparg.h
config.status:725: creating pcre_stringpiece.h
config.status:725: creating RunGrepTest
config.status:725: creating RunTest
config.status:829: creating config.h
config.status:953: config.h is unchanged
config.status:1111: executing default commands

## ---------------- ##
## Cache variables. ##
## ---------------- ##

ac_cv_build=x86_64-unknown-linux-gnu
ac_cv_build_alias=x86_64-unknown-linux-gnu
ac_cv_c_compiler_gnu=yes
ac_cv_c_const=yes
ac_cv_cxx_compiler_gnu=yes
ac_cv_env_CC_set=
ac_cv_env_CC_value=
ac_cv_env_CFLAGS_set=
ac_cv_env_CFLAGS_value=
ac_cv_env_CPPFLAGS_set=
ac_cv_env_CPPFLAGS_value=
ac_cv_env_CPP_set=
ac_cv_env_CPP_value=
ac_cv_env_CXXCPP_set=
ac_cv_env_CXXCPP_value=
ac_cv_env_CXXFLAGS_set=
ac_cv_env_CXXFLAGS_value=
ac_cv_env_CXX_set=
ac_cv_env_CXX_value=
ac_cv_env_F77_set=
ac_cv_env_F77_value=
ac_cv_env_FFLAGS_set=
ac_cv_env_FFLAGS_value=
ac_cv_env_LDFLAGS_set=
ac_cv_env_LDFLAGS_value=
ac_cv_env_build_alias_set=
ac_cv_env_build_alias_value=
ac_cv_env_host_alias_set=
ac_cv_env_host_alias_value=
ac_cv_env_target_alias_set=
ac_cv_env_target_alias_value=
ac_cv_exeext=
ac_cv_f77_compiler_gnu=no
ac_cv_func_bcopy=yes
ac_cv_func_memmove=yes
ac_cv_func_strerror=yes
ac_cv_func_strtoll=yes
ac_cv_func_strtoq=yes
ac_cv_header_bits_type_traits_h=no
ac_cv_header_dlfcn_h=yes
ac_cv_header_inttypes_h=yes
ac_cv_header_limits_h=yes
ac_cv_header_memory_h=yes
ac_cv_header_stdc=yes
ac_cv_header_stdint_h=yes
ac_cv_header_stdlib_h=yes
ac_cv_header_string=yes
ac_cv_header_string_h=yes
ac_cv_header_strings_h=yes
ac_cv_header_sys_stat_h=yes
ac_cv_header_sys_types_h=yes
ac_cv_header_type_traits_h=no
ac_cv_header_unistd_h=yes
ac_cv_host=x86_64-unknown-linux-gnu
ac_cv_host_alias=x86_64-unknown-linux-gnu
ac_cv_objext=o
ac_cv_path_install='/usr/bin/install -c'
ac_cv_prog_CPP='gcc -E'
ac_cv_prog_CXXCPP='g++ -E'
ac_cv_prog_ac_ct_AR=ar
ac_cv_prog_ac_ct_CC=gcc
ac_cv_prog_ac_ct_CXX=g++
ac_cv_prog_ac_ct_RANLIB=ranlib
ac_cv_prog_ac_ct_STRIP=strip
ac_cv_prog_cc_g=yes
ac_cv_prog_cc_stdc=
ac_cv_prog_cxx_g=yes
ac_cv_prog_egrep='grep -E'
ac_cv_prog_f77_g=no
ac_cv_type_long_long=yes
ac_cv_type_size_t=yes
ac_cv_type_unsigned_long_long=yes
lt_cv_deplibs_check_method=pass_all
lt_cv_file_magic_cmd='$MAGIC_CMD'
lt_cv_file_magic_test_file=
lt_cv_ld_reload_flag=-r
lt_cv_objdir=.libs
lt_cv_path_LD=/usr/bin/ld
lt_cv_path_LDCXX='/usr/bin/ld -m elf_x86_64'
lt_cv_path_NM='/usr/bin/nm -B'
lt_cv_path_SED=/bin/sed
lt_cv_prog_compiler_c_o=yes
lt_cv_prog_compiler_c_o_CXX=yes
lt_cv_prog_compiler_rtti_exceptions=no
lt_cv_prog_gnu_ld=yes
lt_cv_prog_gnu_ldcxx=yes
lt_cv_sys_global_symbol_pipe='sed -n -e '\''s/^.*[ 	]\([ABCDGIRSTW][ABCDGIRSTW]*\)[ 	][ 	]*\([_A-Za-z][_A-Za-z0-9]*\)$/\1 \2 \2/p'\'''
lt_cv_sys_global_symbol_to_c_name_address='sed -n -e '\''s/^: \([^ ]*\) $/  {\"\1\", (lt_ptr) 0},/p'\'' -e '\''s/^[BCDEGRST] \([^ ]*\) \([^ ]*\)$/  {"\2", (lt_ptr) \&\2},/p'\'''
lt_cv_sys_global_symbol_to_cdecl='sed -n -e '\''s/^. .* \(.*\)$/extern int \1;/p'\'''
lt_cv_sys_max_cmd_len=32768
lt_lt_cv_prog_compiler_c_o='"yes"'
lt_lt_cv_prog_compiler_c_o_CXX='"yes"'
lt_lt_cv_sys_global_symbol_pipe='"sed -n -e '\''s/^.*[ 	]\\([ABCDGIRSTW][ABCDGIRSTW]*\\)[ 	][ 	]*\\([_A-Za-z][_A-Za-z0-9]*\\)\$/\\1 \\2 \\2/p'\''"'
lt_lt_cv_sys_global_symbol_to_c_name_address='"sed -n -e '\''s/^: \\([^ ]*\\) \$/  {\\\"\\1\\\", (lt_ptr) 0},/p'\'' -e '\''s/^[BCDEGRST] \\([^ ]*\\) \\([^ ]*\\)\$/  {\"\\2\", (lt_ptr) \\&\\2},/p'\''"'
lt_lt_cv_sys_global_symbol_to_cdecl='"sed -n -e '\''s/^. .* \\(.*\\)\$/extern int \\1;/p'\''"'

## ----------------- ##
## Output variables. ##
## ----------------- ##

AR='ar'
AS='as'
BUILD_EXEEXT='$(EXEEXT)'
BUILD_OBJEXT='$(OBJEXT)'
CC='gcc'
CC_FOR_BUILD='$(CC)'
CFLAGS='-g -O2'
CFLAGS_FOR_BUILD='$(CFLAGS)'
CPP='gcc -E'
CPPFLAGS=''
CXX='g++'
CXXCPP='g++ -E'
CXXFLAGS='-g -O2'
CXXFLAGS_FOR_BUILD='$(CXXFLAGS)'
CXXLDFLAGS=''
CXX_FOR_BUILD='$(CXX)'
DEFS='-DHAVE_CONFIG_H'
DLLTOOL='dlltool'
EBCDIC=''
ECHO='echo'
ECHO_C=''
ECHO_N='-n'
ECHO_T=''
EGREP='grep -E'
EXEEXT=''
F77=''
FFLAGS=''
HAVE_CPP=''
HAVE_MEMMOVE=''
HAVE_STRERROR=''
INSTALL_DATA='${INSTALL} -m 644'
INSTALL_PROGRAM='${INSTALL}'
INSTALL_SCRIPT='${INSTALL}'
LDFLAGS=''
LIBOBJS=''
LIBS=''
LIBTOOL='$(SHELL) $(top_builddir)/libtool'
LINK_SIZE=''
LN_S='ln -s'
LTLIBOBJS=''
MATCH_LIMIT=''
MATCH_LIMIT_RECURSION=''
MAYBE_CPP_TARGETS='$(CPP_TARGETS)'
NEWLINE=''
NOT_ON_WINDOWS=''
NO_RECURSE=''
OBJDUMP='objdump'
OBJEXT='o'
ON_WINDOWS='#'
PACKAGE_BUGREPORT=''
PACKAGE_NAME=''
PACKAGE_STRING=''
PACKAGE_TARNAME=''
PACKAGE_VERSION=''
PATH_SEPARATOR=':'
PCRE_CPPLIB_VERSION='0:0:0'
PCRE_LIB_VERSION='0:1:0'
PCRE_POSIXLIB_VERSION='0:0:0'
PCRE_VERSION='6.7'
POSIX_LIB='libpcreposix.la'
POSIX_LOBJ=''
POSIX_MALLOC_THRESHOLD='-DPOSIX_MALLOC_THRESHOLD=10'
POSIX_OBJ=''
RANLIB='ranlib'
SHELL='/bin/bash'
STRIP='strip'
UCP=''
UTF8='-DSUPPORT_UTF8'
WIN_PREFIX=''
ac_ct_AR='ar'
ac_ct_AS=''
ac_ct_CC='gcc'
ac_ct_CXX='g++'
ac_ct_DLLTOOL=''
ac_ct_F77=''
ac_ct_OBJDUMP=''
ac_ct_RANLIB='ranlib'
ac_ct_STRIP='strip'
bindir='${exec_prefix}/bin'
build='x86_64-unknown-linux-gnu'
build_alias=''
build_cpu='x86_64'
build_os='linux-gnu'
build_vendor='unknown'
datadir='${prefix}/share'
exec_prefix='${prefix}'
host='x86_64-unknown-linux-gnu'
host_alias=''
host_cpu='x86_64'
host_os='linux-gnu'
host_vendor='unknown'
includedir='${prefix}/include'
infodir='${prefix}/info'
libdir='${exec_prefix}/lib'
libexecdir='${exec_prefix}/libexec'
localstatedir='${prefix}/var'
mandir='${prefix}/man'
oldincludedir='/usr/include'
pcre_have_bits_type_traits='0'
pcre_have_long_long='1'
pcre_have_type_traits='0'
pcre_have_ulong_long='1'
prefix='/usr/local'
program_transform_name='s,x,x,'
sbindir='${exec_prefix}/sbin'
sharedstatedir='${prefix}/com'
sysconfdir='${prefix}/etc'
target_alias=''

## ----------- ##
## confdefs.h. ##
## ----------- ##

#define HAVE_BCOPY 1
#define HAVE_DLFCN_H 1
#define HAVE_INTTYPES_H 1
#define HAVE_LIMITS_H 1
#define HAVE_LONG_LONG 1
#define HAVE_MEMMOVE 1
#define HAVE_MEMORY_H 1
#define HAVE_STDINT_H 1
#define HAVE_STDLIB_H 1
#define HAVE_STRERROR 1
#define HAVE_STRING 1
#define HAVE_STRINGS_H 1
#define HAVE_STRING_H 1
#define HAVE_STRTOLL 1
#define HAVE_STRTOQ 1
#define HAVE_SYS_STAT_H 1
#define HAVE_SYS_TYPES_H 1
#define HAVE_UNISTD_H 1
#define HAVE_UNSIGNED_LONG_LONG 1
#define PACKAGE_BUGREPORT ""
#define PACKAGE_NAME ""
#define PACKAGE_STRING ""
#define PACKAGE_TARNAME ""
#define PACKAGE_VERSION ""
#define STDC_HEADERS 1
#define STDC_HEADERS 1
#endif
#ifdef __cplusplus
extern "C" void std::exit (int) throw (); using std::exit;

configure: exit 0
